<?xml version="1.0" encoding="UTF-8"?>
<!-- Generated by org.testng.reporters.JUnitReportReporter -->
<testsuite skipped="0" hostname="myGamingPC" name="com.practo.getAlertMessage" tests="20" failures="0" timestamp="31 Oct 2020 04:37:15 GMT" time="294.830" errors="0">
  <testcase name="alertMessage" time="17.993" classname="com.practo.getAlertMessage"/>
  <testcase name="alertMessage" time="12.755" classname="com.practo.getAlertMessage"/>
  <testcase name="alertMessage" time="23.013" classname="com.practo.getAlertMessage"/>
  <testcase name="alertMessage" time="14.122" classname="com.practo.getAlertMessage"/>
  <testcase name="alertMessage" time="15.478" classname="com.practo.getAlertMessage"/>
  <testcase name="alertMessage" time="13.133" classname="com.practo.getAlertMessage"/>
  <testcase name="alertMessage" time="13.608" classname="com.practo.getAlertMessage"/>
  <testcase name="alertMessage" time="12.129" classname="com.practo.getAlertMessage"/>
  <testcase name="alertMessage" time="13.778" classname="com.practo.getAlertMessage"/>
  <testcase name="alertMessage" time="13.614" classname="com.practo.getAlertMessage"/>
  <testcase name="alertMessage" time="13.840" classname="com.practo.getAlertMessage"/>
  <testcase name="alertMessage" time="12.454" classname="com.practo.getAlertMessage"/>
  <testcase name="alertMessage" time="13.392" classname="com.practo.getAlertMessage"/>
  <testcase name="alertMessage" time="14.921" classname="com.practo.getAlertMessage"/>
  <testcase name="alertMessage" time="14.032" classname="com.practo.getAlertMessage"/>
  <testcase name="alertMessage" time="11.926" classname="com.practo.getAlertMessage"/>
  <testcase name="alertMessage" time="15.430" classname="com.practo.getAlertMessage"/>
  <testcase name="alertMessage" time="20.365" classname="com.practo.getAlertMessage"/>
  <testcase name="alertMessage" time="13.956" classname="com.practo.getAlertMessage"/>
  <testcase name="alertMessage" time="14.891" classname="com.practo.getAlertMessage"/>
</testsuite> <!-- com.practo.getAlertMessage -->
