<?xml version="1.0" encoding="UTF-8"?>
<!-- Generated by org.testng.reporters.JUnitReportReporter -->
<testsuite skipped="0" hostname="myGamingPC" name="com.practo.verifySearchResults" tests="1" failures="0" timestamp="31 Oct 2020 04:37:15 GMT" time="25.364" errors="0">
  <testcase name="checkSearchPage" time="25.364" classname="com.practo.verifySearchResults"/>
</testsuite> <!-- com.practo.verifySearchResults -->
