<?xml version="1.0" encoding="UTF-8"?>
<!-- Generated by org.testng.reporters.JUnitReportReporter -->
<testsuite skipped="0" hostname="myGamingPC" name="com.practo.verifyTopCities" tests="1" failures="0" timestamp="31 Oct 2020 04:37:15 GMT" time="15.985" errors="0">
  <testcase name="countCities" time="15.985" classname="com.practo.verifyTopCities"/>
</testsuite> <!-- com.practo.verifyTopCities -->
