<?xml version="1.0" encoding="UTF-8"?>
<!-- Generated by org.testng.reporters.JUnitReportReporter -->
<testsuite skipped="0" hostname="myGamingPC" name="com.practo.verifyTopCities" tests="1" failures="0" timestamp="16 Nov 2020 10:02:29 GMT" time="18.493" errors="0">
  <testcase name="countCities" time="18.493" classname="com.practo.verifyTopCities"/>
</testsuite> <!-- com.practo.verifyTopCities -->
