<?xml version="1.0" encoding="UTF-8"?>
<!-- Generated by org.testng.reporters.JUnitReportReporter -->
<testsuite skipped="0" hostname="myGamingPC" name="com.practo.getAlertMessage" tests="2" failures="0" timestamp="29 Oct 2020 05:49:04 GMT" time="24.393" errors="0">
  <testcase name="alertMessage" time="11.909" classname="com.practo.getAlertMessage"/>
  <testcase name="alertMessage" time="12.484" classname="com.practo.getAlertMessage"/>
</testsuite> <!-- com.practo.getAlertMessage -->
