<?xml version="1.0" encoding="UTF-8"?>
<!-- Generated by org.testng.reporters.JUnitReportReporter -->
<testsuite skipped="0" hostname="myGamingPC" name="com.practo.verifySearchResults" tests="1" failures="0" timestamp="29 Oct 2020 05:49:04 GMT" time="21.287" errors="0">
  <testcase name="checkSearchPage" time="21.287" classname="com.practo.verifySearchResults"/>
</testsuite> <!-- com.practo.verifySearchResults -->
