<?xml version="1.0" encoding="UTF-8"?>
<!-- Generated by org.testng.reporters.JUnitReportReporter -->
<testsuite skipped="0" hostname="myGamingPC" name="com.practo.getAlertMessage" tests="20" failures="0" timestamp="16 Nov 2020 10:02:29 GMT" time="266.340" errors="0">
  <testcase name="alertMessage" time="14.182" classname="com.practo.getAlertMessage"/>
  <testcase name="alertMessage" time="14.035" classname="com.practo.getAlertMessage"/>
  <testcase name="alertMessage" time="13.930" classname="com.practo.getAlertMessage"/>
  <testcase name="alertMessage" time="13.621" classname="com.practo.getAlertMessage"/>
  <testcase name="alertMessage" time="12.833" classname="com.practo.getAlertMessage"/>
  <testcase name="alertMessage" time="12.724" classname="com.practo.getAlertMessage"/>
  <testcase name="alertMessage" time="13.846" classname="com.practo.getAlertMessage"/>
  <testcase name="alertMessage" time="11.503" classname="com.practo.getAlertMessage"/>
  <testcase name="alertMessage" time="14.307" classname="com.practo.getAlertMessage"/>
  <testcase name="alertMessage" time="14.876" classname="com.practo.getAlertMessage"/>
  <testcase name="alertMessage" time="13.410" classname="com.practo.getAlertMessage"/>
  <testcase name="alertMessage" time="12.744" classname="com.practo.getAlertMessage"/>
  <testcase name="alertMessage" time="15.377" classname="com.practo.getAlertMessage"/>
  <testcase name="alertMessage" time="13.355" classname="com.practo.getAlertMessage"/>
  <testcase name="alertMessage" time="12.610" classname="com.practo.getAlertMessage"/>
  <testcase name="alertMessage" time="13.342" classname="com.practo.getAlertMessage"/>
  <testcase name="alertMessage" time="12.300" classname="com.practo.getAlertMessage"/>
  <testcase name="alertMessage" time="12.974" classname="com.practo.getAlertMessage"/>
  <testcase name="alertMessage" time="12.656" classname="com.practo.getAlertMessage"/>
  <testcase name="alertMessage" time="11.715" classname="com.practo.getAlertMessage"/>
</testsuite> <!-- com.practo.getAlertMessage -->
