<?xml version="1.0" encoding="UTF-8"?>
<!-- Generated by org.testng.reporters.JUnitReportReporter -->
<testsuite skipped="0" hostname="myGamingPC" name="com.practo.getAlertMessage" tests="2" failures="0" timestamp="29 Oct 2020 09:02:16 GMT" time="24.285" errors="0">
  <testcase name="alertMessage" time="12.287" classname="com.practo.getAlertMessage"/>
  <testcase name="alertMessage" time="11.998" classname="com.practo.getAlertMessage"/>
</testsuite> <!-- com.practo.getAlertMessage -->
