<?xml version="1.0" encoding="UTF-8"?>
<!-- Generated by org.testng.reporters.JUnitReportReporter -->
<testsuite skipped="0" hostname="myGamingPC" name="com.practo.verifyTopCities" tests="1" failures="0" timestamp="29 Oct 2020 09:02:16 GMT" time="17.901" errors="0">
  <testcase name="countCities" time="17.901" classname="com.practo.verifyTopCities"/>
</testsuite> <!-- com.practo.verifyTopCities -->
