<?xml version="1.0" encoding="UTF-8"?>
<!-- Generated by org.testng.reporters.JUnitReportReporter -->
<testsuite skipped="0" hostname="myGamingPC" name="com.practo.verifySearchResults" tests="1" failures="0" timestamp="16 Nov 2020 09:21:09 GMT" time="13.709" errors="0">
  <testcase name="checkSearchPage" time="13.709" classname="com.practo.verifySearchResults"/>
</testsuite> <!-- com.practo.verifySearchResults -->
