<?xml version="1.0" encoding="UTF-8"?>
<!-- Generated by org.testng.reporters.JUnitReportReporter -->
<testsuite skipped="0" hostname="myGamingPC" name="com.practo.getAlertMessage" tests="20" failures="0" timestamp="16 Nov 2020 09:21:09 GMT" time="142.744" errors="0">
  <testcase name="alertMessage" time="7.050" classname="com.practo.getAlertMessage"/>
  <testcase name="alertMessage" time="6.744" classname="com.practo.getAlertMessage"/>
  <testcase name="alertMessage" time="7.941" classname="com.practo.getAlertMessage"/>
  <testcase name="alertMessage" time="6.932" classname="com.practo.getAlertMessage"/>
  <testcase name="alertMessage" time="6.508" classname="com.practo.getAlertMessage"/>
  <testcase name="alertMessage" time="7.628" classname="com.practo.getAlertMessage"/>
  <testcase name="alertMessage" time="6.913" classname="com.practo.getAlertMessage"/>
  <testcase name="alertMessage" time="7.375" classname="com.practo.getAlertMessage"/>
  <testcase name="alertMessage" time="6.392" classname="com.practo.getAlertMessage"/>
  <testcase name="alertMessage" time="7.143" classname="com.practo.getAlertMessage"/>
  <testcase name="alertMessage" time="6.612" classname="com.practo.getAlertMessage"/>
  <testcase name="alertMessage" time="7.576" classname="com.practo.getAlertMessage"/>
  <testcase name="alertMessage" time="7.006" classname="com.practo.getAlertMessage"/>
  <testcase name="alertMessage" time="8.249" classname="com.practo.getAlertMessage"/>
  <testcase name="alertMessage" time="7.056" classname="com.practo.getAlertMessage"/>
  <testcase name="alertMessage" time="6.412" classname="com.practo.getAlertMessage"/>
  <testcase name="alertMessage" time="7.912" classname="com.practo.getAlertMessage"/>
  <testcase name="alertMessage" time="6.546" classname="com.practo.getAlertMessage"/>
  <testcase name="alertMessage" time="6.891" classname="com.practo.getAlertMessage"/>
  <testcase name="alertMessage" time="7.858" classname="com.practo.getAlertMessage"/>
</testsuite> <!-- com.practo.getAlertMessage -->
